#
# There is insufficient memory for the Java Runtime Environment to continue.
# Native memory allocation (mmap) failed to map 65536 bytes for Failed to commit metaspace.
# Possible reasons:
#   The system is out of physical RAM or swap space
#   The process is running with CompressedOops enabled, and the Java Heap may be blocking the growth of the native heap
# Possible solutions:
#   Reduce memory load on the system
#   Increase physical memory or swap space
#   Check if swap backing store is full
#   Decrease Java heap size (-Xmx/-Xms)
#   Decrease number of Java threads
#   Decrease Java thread stack sizes (-Xss)
#   Set larger code cache with -XX:ReservedCodeCacheSize=
#   JVM is running with Unscaled Compressed Oops mode in which the Java heap is
#     placed in the first 4GB address space. The Java Heap base address is the
#     maximum limit for the native heap growth. Please use -XX:HeapBaseMinAddress
#     to set the Java Heap base and to place the Java Heap above 4GB virtual address.
# This output file may be truncated or incomplete.
#
#  Out of Memory Error (virtualSpaceNode.cpp:110), pid=14524, tid=16628
#
# JRE version: Java(TM) SE Runtime Environment (20.0.1+9) (build 20.0.1+9-29)
# Java VM: Java HotSpot(TM) 64-Bit Server VM (20.0.1+9-29, mixed mode, sharing, tiered, compressed oops, compressed class ptrs, g1 gc, windows-amd64)
# No core dump will be written. Minidumps are not enabled by default on client versions of Windows
#

---------------  S U M M A R Y ------------

Command Line: -Dfile.encoding=UTF-8 --module-path=C:\Users\gaels\OneDrive\Escritorio\Controlador\build\classes Controlador.ControladorMenu

Host: AMD Ryzen 5 4600G with Radeon Graphics, 12 cores, 7G,  Windows 11 , 64 bit Build 22621 (10.0.22621.2070)
Time: Fri Aug 18 09:55:19 2023 Hora estándar Montañas (México) elapsed time: 0.071938 seconds (0d 0h 0m 0s)

---------------  T H R E A D  ---------------

Current thread (0x000002263a9ccd20):  JavaThread "main" [_thread_in_vm, id=16628, stack(0x0000005834d00000,0x0000005834e00000)]

Stack: [0x0000005834d00000,0x0000005834e00000]
Native frames: (J=compiled Java code, j=interpreted, Vv=VM code, C=native code)
V  [jvm.dll+0x6bb95a]
V  [jvm.dll+0x8485fa]
V  [jvm.dll+0x84a1f5]
V  [jvm.dll+0x84a8f3]
V  [jvm.dll+0x280b0f]
V  [jvm.dll+0x84453b]
V  [jvm.dll+0x65fd86]
V  [jvm.dll+0x65fdea]
V  [jvm.dll+0x6626c3]
V  [jvm.dll+0x66258e]
V  [jvm.dll+0x66079e]
V  [jvm.dll+0x26daf7]
V  [jvm.dll+0x2171bf]
V  [jvm.dll+0x21bed0]
V  [jvm.dll+0x211780]
V  [jvm.dll+0x59c26c]
V  [jvm.dll+0x222d6a]
V  [jvm.dll+0x7c2cb4]
V  [jvm.dll+0x7c3dff]
V  [jvm.dll+0x7c45c0]
V  [jvm.dll+0x21c775]
V  [jvm.dll+0x211799]
V  [jvm.dll+0x59c26c]
V  [jvm.dll+0x222d6a]
V  [jvm.dll+0x7c2cb4]
V  [jvm.dll+0x7c3dff]
V  [jvm.dll+0x7c45c0]
V  [jvm.dll+0x21c775]
V  [jvm.dll+0x211799]
V  [jvm.dll+0x59c26c]
V  [jvm.dll+0x222d6a]
V  [jvm.dll+0x7c2cb4]
V  [jvm.dll+0x7c3dff]
V  [jvm.dll+0x7c43af]
V  [jvm.dll+0x472b06]
C  [java.dll+0x1a55]

Java frames: (J=compiled Java code, j=interpreted, Vv=VM code)
j  java.lang.ClassLoader.findBootstrapClass(Ljava/lang/String;)Ljava/lang/Class;+0 java.base@20.0.1
j  java.lang.ClassLoader.findBootstrapClassOrNull(Ljava/lang/String;)Ljava/lang/Class;+10 java.base@20.0.1
j  java.lang.System$2.findBootstrapClassOrNull(Ljava/lang/String;)Ljava/lang/Class;+1 java.base@20.0.1
j  jdk.internal.loader.ClassLoaders$BootClassLoader.loadClassOrNull(Ljava/lang/String;Z)Ljava/lang/Class;+4 java.base@20.0.1
j  jdk.internal.loader.BuiltinClassLoader.loadClassOrNull(Ljava/lang/String;)Ljava/lang/Class;+3 java.base@20.0.1
j  jdk.internal.loader.BuiltinClassLoader.loadClassOrNull(Ljava/lang/String;Z)Ljava/lang/Class;+66 java.base@20.0.1
j  jdk.internal.loader.BuiltinClassLoader.loadClass(Ljava/lang/String;Z)Ljava/lang/Class;+3 java.base@20.0.1
j  jdk.internal.loader.ClassLoaders$AppClassLoader.loadClass(Ljava/lang/String;Z)Ljava/lang/Class;+36 java.base@20.0.1
j  java.lang.ClassLoader.loadClass(Ljava/lang/String;)Ljava/lang/Class;+3 java.base@20.0.1
v  ~StubRoutines::call_stub 0x0000022649fb100d
j  java.lang.ClassLoader.defineClass1(Ljava/lang/ClassLoader;Ljava/lang/String;[BIILjava/security/ProtectionDomain;Ljava/lang/String;)Ljava/lang/Class;+0 java.base@20.0.1
j  java.lang.ClassLoader.defineClass(Ljava/lang/String;[BIILjava/security/ProtectionDomain;)Ljava/lang/Class;+27 java.base@20.0.1
j  java.security.SecureClassLoader.defineClass(Ljava/lang/String;[BIILjava/security/CodeSource;)Ljava/lang/Class;+12 java.base@20.0.1
j  jdk.internal.loader.BuiltinClassLoader.defineClass(Ljava/lang/String;Ljdk/internal/loader/Resource;)Ljava/lang/Class;+117 java.base@20.0.1
j  jdk.internal.loader.BuiltinClassLoader.findClassOnClassPathOrNull(Ljava/lang/String;)Ljava/lang/Class;+37 java.base@20.0.1
j  jdk.internal.loader.BuiltinClassLoader.loadClassOrNull(Ljava/lang/String;Z)Ljava/lang/Class;+111 java.base@20.0.1
j  jdk.internal.loader.BuiltinClassLoader.loadClass(Ljava/lang/String;Z)Ljava/lang/Class;+3 java.base@20.0.1
j  jdk.internal.loader.ClassLoaders$AppClassLoader.loadClass(Ljava/lang/String;Z)Ljava/lang/Class;+36 java.base@20.0.1
j  java.lang.ClassLoader.loadClass(Ljava/lang/String;)Ljava/lang/Class;+3 java.base@20.0.1
v  ~StubRoutines::call_stub 0x0000022649fb100d
j  java.lang.Class.getDeclaredMethods0(Z)[Ljava/lang/reflect/Method;+0 java.base@20.0.1
j  java.lang.Class.privateGetDeclaredMethods(Z)[Ljava/lang/reflect/Method;+34 java.base@20.0.1
j  java.lang.Class.getMethodsRecursive(Ljava/lang/String;[Ljava/lang/Class;Z)Ljava/lang/PublicMethods$MethodList;+2 java.base@20.0.1
j  java.lang.Class.getMethod0(Ljava/lang/String;[Ljava/lang/Class;)Ljava/lang/reflect/Method;+14 java.base@20.0.1
j  java.lang.Class.getMethod(Ljava/lang/String;[Ljava/lang/Class;)Ljava/lang/reflect/Method;+26 java.base@20.0.1
j  sun.launcher.LauncherHelper.validateMainClass(Ljava/lang/Class;)V+16 java.base@20.0.1
j  sun.launcher.LauncherHelper.checkAndLoadMain(ZILjava/lang/String;)Ljava/lang/Class;+80 java.base@20.0.1
v  ~StubRoutines::call_stub 0x0000022649fb100d

---------------  P R O C E S S  ---------------

Threads class SMR info:
_java_thread_list=0x000002265b937a10, length=12, elements={
0x000002263a9ccd20, 0x0000022657486520, 0x0000022657486f00, 0x000002265748c2f0,
0x00000226574af0e0, 0x00000226574b0a30, 0x00000226574b5880, 0x00000226574ba510,
0x00000226574c2ea0, 0x000002265b8b22a0, 0x000002265b97ae50, 0x000002263a9cdb50
}

Java Threads: ( => current thread )
=>0x000002263a9ccd20 JavaThread "main" [_thread_in_vm, id=16628, stack(0x0000005834d00000,0x0000005834e00000)]
  0x0000022657486520 JavaThread "Reference Handler" daemon [_thread_blocked, id=13776, stack(0x0000005835400000,0x0000005835500000)]
  0x0000022657486f00 JavaThread "Finalizer" daemon [_thread_blocked, id=9672, stack(0x0000005835500000,0x0000005835600000)]
  0x000002265748c2f0 JavaThread "Signal Dispatcher" daemon [_thread_blocked, id=11760, stack(0x0000005835600000,0x0000005835700000)]
  0x00000226574af0e0 JavaThread "Attach Listener" daemon [_thread_blocked, id=21096, stack(0x0000005835700000,0x0000005835800000)]
  0x00000226574b0a30 JavaThread "Service Thread" daemon [_thread_blocked, id=21356, stack(0x0000005835800000,0x0000005835900000)]
  0x00000226574b5880 JavaThread "Monitor Deflation Thread" daemon [_thread_blocked, id=4080, stack(0x0000005835900000,0x0000005835a00000)]
  0x00000226574ba510 JavaThread "C2 CompilerThread0" daemon [_thread_blocked, id=2884, stack(0x0000005835a00000,0x0000005835b00000)]
  0x00000226574c2ea0 JavaThread "C1 CompilerThread0" daemon [_thread_blocked, id=5740, stack(0x0000005835b00000,0x0000005835c00000)]
  0x000002265b8b22a0 JavaThread "Common-Cleaner" daemon [_thread_blocked, id=10864, stack(0x0000005835c00000,0x0000005835d00000)]
  0x000002265b97ae50 JavaThread "Notification Thread" daemon [_thread_blocked, id=2584, stack(0x0000005835d00000,0x0000005835e00000)]
  0x000002263a9cdb50 JavaThread "C2 CompilerThread1" daemon [_thread_blocked, id=6968, stack(0x0000005835f00000,0x0000005836000000)]

Other Threads:
  0x000002265746ad50 VMThread "VM Thread" [stack: 0x0000005835300000,0x0000005835400000] [id=11400]
  0x000002265b998d70 WatcherThread "VM Periodic Task Thread" [stack: 0x0000005835e00000,0x0000005835f00000] [id=4092]
  0x000002263aa2a740 WorkerThread "GC Thread#0" [stack: 0x0000005834e00000,0x0000005834f00000] [id=4048]
  0x000002263aa3a410 ConcurrentGCThread "G1 Main Marker" [stack: 0x0000005834f00000,0x0000005835000000] [id=1920]
  0x000002263aa3bbf0 WorkerThread "G1 Conc#0" [stack: 0x0000005835000000,0x0000005835100000] [id=18164]
  0x000002263aa8d8f0 ConcurrentGCThread "G1 Refine#0" [stack: 0x0000005835100000,0x0000005835200000] [id=7304]
  0x000002263aa8e040 ConcurrentGCThread "G1 Service" [stack: 0x0000005835200000,0x0000005835300000] [id=828]

Threads with active compile tasks:

VM state: not at safepoint (normal execution)

VM Mutex/Monitor currently owned by a thread:  ([mutex/lock_event])
[0x000002263a9c5860] Metaspace_lock - owner thread: 0x000002263a9ccd20

Heap address: 0x000000008aa00000, size: 1878 MB, Compressed Oops mode: 32-bit

CDS archive(s) mapped at: [0x0000000800000000-0x0000000800c60000-0x0000000800c60000), size 12976128, SharedBaseAddress: 0x0000000800000000, ArchiveRelocationMode: 0.
Compressed class space mapped at: 0x0000000801000000-0x0000000841000000, reserved size: 1073741824
Narrow klass base: 0x0000000800000000, Narrow klass shift: 0, Narrow klass range: 0x100000000

GC Precious Log:
 CardTable entry size: 512
 Card Set container configuration: InlinePtr #cards 5 size 8 Array Of Cards #cards 12 size 40 Howl #buckets 4 coarsen threshold 1843 Howl Bitmap #cards 512 size 80 coarsen threshold 460 Card regions per heap region 1 cards per card region 2048
 CPUs: 12 total, 12 available
 Memory: 7511M
 Large Page Support: Disabled
 NUMA Support: Disabled
 Compressed Oops: Enabled (32-bit)
 Heap Region Size: 1M
 Heap Min Capacity: 8M
 Heap Initial Capacity: 118M
 Heap Max Capacity: 1878M
 Pre-touch: Disabled
 Parallel Workers: 10
 Concurrent Workers: 3
 Concurrent Refinement Workers: 10
 Periodic GC: Disabled

Heap:
 garbage-first heap   total 120832K, used 2048K [0x000000008aa00000, 0x0000000100000000)
  region size 1024K, 3 young (3072K), 0 survivors (0K)
 Metaspace       used 556K, committed 704K, reserved 1114112K
  class space    used 30K, committed 128K, reserved 1048576K

Heap Regions: E=young(eden), S=young(survivor), O=old, HS=humongous(starts), HC=humongous(continues), CS=collection set, F=free, OA=open archive, CA=closed archive, TAMS=top-at-mark-start, PB=parsable bottom
|   0|0x000000008aa00000, 0x000000008aa00000, 0x000000008ab00000|  0%| F|  |TAMS 0x000000008aa00000| PB 0x000000008aa00000| Untracked 
|   1|0x000000008ab00000, 0x000000008ab00000, 0x000000008ac00000|  0%| F|  |TAMS 0x000000008ab00000| PB 0x000000008ab00000| Untracked 
|   2|0x000000008ac00000, 0x000000008ac00000, 0x000000008ad00000|  0%| F|  |TAMS 0x000000008ac00000| PB 0x000000008ac00000| Untracked 
|   3|0x000000008ad00000, 0x000000008ad00000, 0x000000008ae00000|  0%| F|  |TAMS 0x000000008ad00000| PB 0x000000008ad00000| Untracked 
|   4|0x000000008ae00000, 0x000000008ae00000, 0x000000008af00000|  0%| F|  |TAMS 0x000000008ae00000| PB 0x000000008ae00000| Untracked 
|   5|0x000000008af00000, 0x000000008af00000, 0x000000008b000000|  0%| F|  |TAMS 0x000000008af00000| PB 0x000000008af00000| Untracked 
|   6|0x000000008b000000, 0x000000008b000000, 0x000000008b100000|  0%| F|  |TAMS 0x000000008b000000| PB 0x000000008b000000| Untracked 
|   7|0x000000008b100000, 0x000000008b100000, 0x000000008b200000|  0%| F|  |TAMS 0x000000008b100000| PB 0x000000008b100000| Untracked 
|   8|0x000000008b200000, 0x000000008b200000, 0x000000008b300000|  0%| F|  |TAMS 0x000000008b200000| PB 0x000000008b200000| Untracked 
|   9|0x000000008b300000, 0x000000008b300000, 0x000000008b400000|  0%| F|  |TAMS 0x000000008b300000| PB 0x000000008b300000| Untracked 
|  10|0x000000008b400000, 0x000000008b400000, 0x000000008b500000|  0%| F|  |TAMS 0x000000008b400000| PB 0x000000008b400000| Untracked 
|  11|0x000000008b500000, 0x000000008b500000, 0x000000008b600000|  0%| F|  |TAMS 0x000000008b500000| PB 0x000000008b500000| Untracked 
|  12|0x000000008b600000, 0x000000008b600000, 0x000000008b700000|  0%| F|  |TAMS 0x000000008b600000| PB 0x000000008b600000| Untracked 
|  13|0x000000008b700000, 0x000000008b700000, 0x000000008b800000|  0%| F|  |TAMS 0x000000008b700000| PB 0x000000008b700000| Untracked 
|  14|0x000000008b800000, 0x000000008b800000, 0x000000008b900000|  0%| F|  |TAMS 0x000000008b800000| PB 0x000000008b800000| Untracked 
|  15|0x000000008b900000, 0x000000008b900000, 0x000000008ba00000|  0%| F|  |TAMS 0x000000008b900000| PB 0x000000008b900000| Untracked 
|  16|0x000000008ba00000, 0x000000008ba00000, 0x000000008bb00000|  0%| F|  |TAMS 0x000000008ba00000| PB 0x000000008ba00000| Untracked 
|  17|0x000000008bb00000, 0x000000008bb00000, 0x000000008bc00000|  0%| F|  |TAMS 0x000000008bb00000| PB 0x000000008bb00000| Untracked 
|  18|0x000000008bc00000, 0x000000008bc00000, 0x000000008bd00000|  0%| F|  |TAMS 0x000000008bc00000| PB 0x000000008bc00000| Untracked 
|  19|0x000000008bd00000, 0x000000008bd00000, 0x000000008be00000|  0%| F|  |TAMS 0x000000008bd00000| PB 0x000000008bd00000| Untracked 
|  20|0x000000008be00000, 0x000000008be00000, 0x000000008bf00000|  0%| F|  |TAMS 0x000000008be00000| PB 0x000000008be00000| Untracked 
|  21|0x000000008bf00000, 0x000000008bf00000, 0x000000008c000000|  0%| F|  |TAMS 0x000000008bf00000| PB 0x000000008bf00000| Untracked 
|  22|0x000000008c000000, 0x000000008c000000, 0x000000008c100000|  0%| F|  |TAMS 0x000000008c000000| PB 0x000000008c000000| Untracked 
|  23|0x000000008c100000, 0x000000008c100000, 0x000000008c200000|  0%| F|  |TAMS 0x000000008c100000| PB 0x000000008c100000| Untracked 
|  24|0x000000008c200000, 0x000000008c200000, 0x000000008c300000|  0%| F|  |TAMS 0x000000008c200000| PB 0x000000008c200000| Untracked 
|  25|0x000000008c300000, 0x000000008c300000, 0x000000008c400000|  0%| F|  |TAMS 0x000000008c300000| PB 0x000000008c300000| Untracked 
|  26|0x000000008c400000, 0x000000008c400000, 0x000000008c500000|  0%| F|  |TAMS 0x000000008c400000| PB 0x000000008c400000| Untracked 
|  27|0x000000008c500000, 0x000000008c500000, 0x000000008c600000|  0%| F|  |TAMS 0x000000008c500000| PB 0x000000008c500000| Untracked 
|  28|0x000000008c600000, 0x000000008c600000, 0x000000008c700000|  0%| F|  |TAMS 0x000000008c600000| PB 0x000000008c600000| Untracked 
|  29|0x000000008c700000, 0x000000008c700000, 0x000000008c800000|  0%| F|  |TAMS 0x000000008c700000| PB 0x000000008c700000| Untracked 
|  30|0x000000008c800000, 0x000000008c800000, 0x000000008c900000|  0%| F|  |TAMS 0x000000008c800000| PB 0x000000008c800000| Untracked 
|  31|0x000000008c900000, 0x000000008c900000, 0x000000008ca00000|  0%| F|  |TAMS 0x000000008c900000| PB 0x000000008c900000| Untracked 
|  32|0x000000008ca00000, 0x000000008ca00000, 0x000000008cb00000|  0%| F|  |TAMS 0x000000008ca00000| PB 0x000000008ca00000| Untracked 
|  33|0x000000008cb00000, 0x000000008cb00000, 0x000000008cc00000|  0%| F|  |TAMS 0x000000008cb00000| PB 0x000000008cb00000| Untracked 
|  34|0x000000008cc00000, 0x000000008cc00000, 0x000000008cd00000|  0%| F|  |TAMS 0x000000008cc00000| PB 0x000000008cc00000| Untracked 
|  35|0x000000008cd00000, 0x000000008cd00000, 0x000000008ce00000|  0%| F|  |TAMS 0x000000008cd00000| PB 0x000000008cd00000| Untracked 
|  36|0x000000008ce00000, 0x000000008ce00000, 0x000000008cf00000|  0%| F|  |TAMS 0x000000008ce00000| PB 0x000000008ce00000| Untracked 
|  37|0x000000008cf00000, 0x000000008cf00000, 0x000000008d000000|  0%| F|  |TAMS 0x000000008cf00000| PB 0x000000008cf00000| Untracked 
|  38|0x000000008d000000, 0x000000008d000000, 0x000000008d100000|  0%| F|  |TAMS 0x000000008d000000| PB 0x000000008d000000| Untracked 
|  39|0x000000008d100000, 0x000000008d100000, 0x000000008d200000|  0%| F|  |TAMS 0x000000008d100000| PB 0x000000008d100000| Untracked 
|  40|0x000000008d200000, 0x000000008d200000, 0x000000008d300000|  0%| F|  |TAMS 0x000000008d200000| PB 0x000000008d200000| Untracked 
|  41|0x000000008d300000, 0x000000008d300000, 0x000000008d400000|  0%| F|  |TAMS 0x000000008d300000| PB 0x000000008d300000| Untracked 
|  42|0x000000008d400000, 0x000000008d400000, 0x000000008d500000|  0%| F|  |TAMS 0x000000008d400000| PB 0x000000008d400000| Untracked 
|  43|0x000000008d500000, 0x000000008d500000, 0x000000008d600000|  0%| F|  |TAMS 0x000000008d500000| PB 0x000000008d500000| Untracked 
|  44|0x000000008d600000, 0x000000008d600000, 0x000000008d700000|  0%| F|  |TAMS 0x000000008d600000| PB 0x000000008d600000| Untracked 
|  45|0x000000008d700000, 0x000000008d700000, 0x000000008d800000|  0%| F|  |TAMS 0x000000008d700000| PB 0x000000008d700000| Untracked 
|  46|0x000000008d800000, 0x000000008d800000, 0x000000008d900000|  0%| F|  |TAMS 0x000000008d800000| PB 0x000000008d800000| Untracked 
|  47|0x000000008d900000, 0x000000008d900000, 0x000000008da00000|  0%| F|  |TAMS 0x000000008d900000| PB 0x000000008d900000| Untracked 
|  48|0x000000008da00000, 0x000000008da00000, 0x000000008db00000|  0%| F|  |TAMS 0x000000008da00000| PB 0x000000008da00000| Untracked 
|  49|0x000000008db00000, 0x000000008db00000, 0x000000008dc00000|  0%| F|  |TAMS 0x000000008db00000| PB 0x000000008db00000| Untracked 
|  50|0x000000008dc00000, 0x000000008dc00000, 0x000000008dd00000|  0%| F|  |TAMS 0x000000008dc00000| PB 0x000000008dc00000| Untracked 
|  51|0x000000008dd00000, 0x000000008dd00000, 0x000000008de00000|  0%| F|  |TAMS 0x000000008dd00000| PB 0x000000008dd00000| Untracked 
|  52|0x000000008de00000, 0x000000008de00000, 0x000000008df00000|  0%| F|  |TAMS 0x000000008de00000| PB 0x000000008de00000| Untracked 
|  53|0x000000008df00000, 0x000000008df00000, 0x000000008e000000|  0%| F|  |TAMS 0x000000008df00000| PB 0x000000008df00000| Untracked 
|  54|0x000000008e000000, 0x000000008e000000, 0x000000008e100000|  0%| F|  |TAMS 0x000000008e000000| PB 0x000000008e000000| Untracked 
|  55|0x000000008e100000, 0x000000008e100000, 0x000000008e200000|  0%| F|  |TAMS 0x000000008e100000| PB 0x000000008e100000| Untracked 
|  56|0x000000008e200000, 0x000000008e200000, 0x000000008e300000|  0%| F|  |TAMS 0x000000008e200000| PB 0x000000008e200000| Untracked 
|  57|0x000000008e300000, 0x000000008e300000, 0x000000008e400000|  0%| F|  |TAMS 0x000000008e300000| PB 0x000000008e300000| Untracked 
|  58|0x000000008e400000, 0x000000008e400000, 0x000000008e500000|  0%| F|  |TAMS 0x000000008e400000| PB 0x000000008e400000| Untracked 
|  59|0x000000008e500000, 0x000000008e500000, 0x000000008e600000|  0%| F|  |TAMS 0x000000008e500000| PB 0x000000008e500000| Untracked 
|  60|0x000000008e600000, 0x000000008e600000, 0x000000008e700000|  0%| F|  |TAMS 0x000000008e600000| PB 0x000000008e600000| Untracked 
|  61|0x000000008e700000, 0x000000008e700000, 0x000000008e800000|  0%| F|  |TAMS 0x000000008e700000| PB 0x000000008e700000| Untracked 
|  62|0x000000008e800000, 0x000000008e800000, 0x000000008e900000|  0%| F|  |TAMS 0x000000008e800000| PB 0x000000008e800000| Untracked 
|  63|0x000000008e900000, 0x000000008e900000, 0x000000008ea00000|  0%| F|  |TAMS 0x000000008e900000| PB 0x000000008e900000| Untracked 
|  64|0x000000008ea00000, 0x000000008ea00000, 0x000000008eb00000|  0%| F|  |TAMS 0x000000008ea00000| PB 0x000000008ea00000| Untracked 
|  65|0x000000008eb00000, 0x000000008eb00000, 0x000000008ec00000|  0%| F|  |TAMS 0x000000008eb00000| PB 0x000000008eb00000| Untracked 
|  66|0x000000008ec00000, 0x000000008ec00000, 0x000000008ed00000|  0%| F|  |TAMS 0x000000008ec00000| PB 0x000000008ec00000| Untracked 
|  67|0x000000008ed00000, 0x000000008ed00000, 0x000000008ee00000|  0%| F|  |TAMS 0x000000008ed00000| PB 0x000000008ed00000| Untracked 
|  68|0x000000008ee00000, 0x000000008ee00000, 0x000000008ef00000|  0%| F|  |TAMS 0x000000008ee00000| PB 0x000000008ee00000| Untracked 
|  69|0x000000008ef00000, 0x000000008ef00000, 0x000000008f000000|  0%| F|  |TAMS 0x000000008ef00000| PB 0x000000008ef00000| Untracked 
|  70|0x000000008f000000, 0x000000008f000000, 0x000000008f100000|  0%| F|  |TAMS 0x000000008f000000| PB 0x000000008f000000| Untracked 
|  71|0x000000008f100000, 0x000000008f100000, 0x000000008f200000|  0%| F|  |TAMS 0x000000008f100000| PB 0x000000008f100000| Untracked 
|  72|0x000000008f200000, 0x000000008f200000, 0x000000008f300000|  0%| F|  |TAMS 0x000000008f200000| PB 0x000000008f200000| Untracked 
|  73|0x000000008f300000, 0x000000008f300000, 0x000000008f400000|  0%| F|  |TAMS 0x000000008f300000| PB 0x000000008f300000| Untracked 
|  74|0x000000008f400000, 0x000000008f400000, 0x000000008f500000|  0%| F|  |TAMS 0x000000008f400000| PB 0x000000008f400000| Untracked 
|  75|0x000000008f500000, 0x000000008f500000, 0x000000008f600000|  0%| F|  |TAMS 0x000000008f500000| PB 0x000000008f500000| Untracked 
|  76|0x000000008f600000, 0x000000008f600000, 0x000000008f700000|  0%| F|  |TAMS 0x000000008f600000| PB 0x000000008f600000| Untracked 
|  77|0x000000008f700000, 0x000000008f700000, 0x000000008f800000|  0%| F|  |TAMS 0x000000008f700000| PB 0x000000008f700000| Untracked 
|  78|0x000000008f800000, 0x000000008f800000, 0x000000008f900000|  0%| F|  |TAMS 0x000000008f800000| PB 0x000000008f800000| Untracked 
|  79|0x000000008f900000, 0x000000008f900000, 0x000000008fa00000|  0%| F|  |TAMS 0x000000008f900000| PB 0x000000008f900000| Untracked 
|  80|0x000000008fa00000, 0x000000008fa00000, 0x000000008fb00000|  0%| F|  |TAMS 0x000000008fa00000| PB 0x000000008fa00000| Untracked 
|  81|0x000000008fb00000, 0x000000008fb00000, 0x000000008fc00000|  0%| F|  |TAMS 0x000000008fb00000| PB 0x000000008fb00000| Untracked 
|  82|0x000000008fc00000, 0x000000008fc00000, 0x000000008fd00000|  0%| F|  |TAMS 0x000000008fc00000| PB 0x000000008fc00000| Untracked 
|  83|0x000000008fd00000, 0x000000008fd00000, 0x000000008fe00000|  0%| F|  |TAMS 0x000000008fd00000| PB 0x000000008fd00000| Untracked 
|  84|0x000000008fe00000, 0x000000008fe00000, 0x000000008ff00000|  0%| F|  |TAMS 0x000000008fe00000| PB 0x000000008fe00000| Untracked 
|  85|0x000000008ff00000, 0x000000008ff00000, 0x0000000090000000|  0%| F|  |TAMS 0x000000008ff00000| PB 0x000000008ff00000| Untracked 
|  86|0x0000000090000000, 0x0000000090000000, 0x0000000090100000|  0%| F|  |TAMS 0x0000000090000000| PB 0x0000000090000000| Untracked 
|  87|0x0000000090100000, 0x0000000090100000, 0x0000000090200000|  0%| F|  |TAMS 0x0000000090100000| PB 0x0000000090100000| Untracked 
|  88|0x0000000090200000, 0x0000000090200000, 0x0000000090300000|  0%| F|  |TAMS 0x0000000090200000| PB 0x0000000090200000| Untracked 
|  89|0x0000000090300000, 0x0000000090300000, 0x0000000090400000|  0%| F|  |TAMS 0x0000000090300000| PB 0x0000000090300000| Untracked 
|  90|0x0000000090400000, 0x0000000090400000, 0x0000000090500000|  0%| F|  |TAMS 0x0000000090400000| PB 0x0000000090400000| Untracked 
|  91|0x0000000090500000, 0x0000000090500000, 0x0000000090600000|  0%| F|  |TAMS 0x0000000090500000| PB 0x0000000090500000| Untracked 
|  92|0x0000000090600000, 0x0000000090600000, 0x0000000090700000|  0%| F|  |TAMS 0x0000000090600000| PB 0x0000000090600000| Untracked 
|  93|0x0000000090700000, 0x0000000090700000, 0x0000000090800000|  0%| F|  |TAMS 0x0000000090700000| PB 0x0000000090700000| Untracked 
|  94|0x0000000090800000, 0x0000000090800000, 0x0000000090900000|  0%| F|  |TAMS 0x0000000090800000| PB 0x0000000090800000| Untracked 
|  95|0x0000000090900000, 0x0000000090900000, 0x0000000090a00000|  0%| F|  |TAMS 0x0000000090900000| PB 0x0000000090900000| Untracked 
|  96|0x0000000090a00000, 0x0000000090a00000, 0x0000000090b00000|  0%| F|  |TAMS 0x0000000090a00000| PB 0x0000000090a00000| Untracked 
|  97|0x0000000090b00000, 0x0000000090b00000, 0x0000000090c00000|  0%| F|  |TAMS 0x0000000090b00000| PB 0x0000000090b00000| Untracked 
|  98|0x0000000090c00000, 0x0000000090c00000, 0x0000000090d00000|  0%| F|  |TAMS 0x0000000090c00000| PB 0x0000000090c00000| Untracked 
|  99|0x0000000090d00000, 0x0000000090d00000, 0x0000000090e00000|  0%| F|  |TAMS 0x0000000090d00000| PB 0x0000000090d00000| Untracked 
| 100|0x0000000090e00000, 0x0000000090e00000, 0x0000000090f00000|  0%| F|  |TAMS 0x0000000090e00000| PB 0x0000000090e00000| Untracked 
| 101|0x0000000090f00000, 0x0000000090f00000, 0x0000000091000000|  0%| F|  |TAMS 0x0000000090f00000| PB 0x0000000090f00000| Untracked 
| 102|0x0000000091000000, 0x0000000091000000, 0x0000000091100000|  0%| F|  |TAMS 0x0000000091000000| PB 0x0000000091000000| Untracked 
| 103|0x0000000091100000, 0x0000000091100000, 0x0000000091200000|  0%| F|  |TAMS 0x0000000091100000| PB 0x0000000091100000| Untracked 
| 104|0x0000000091200000, 0x0000000091200000, 0x0000000091300000|  0%| F|  |TAMS 0x0000000091200000| PB 0x0000000091200000| Untracked 
| 105|0x0000000091300000, 0x0000000091300000, 0x0000000091400000|  0%| F|  |TAMS 0x0000000091300000| PB 0x0000000091300000| Untracked 
| 106|0x0000000091400000, 0x0000000091400000, 0x0000000091500000|  0%| F|  |TAMS 0x0000000091400000| PB 0x0000000091400000| Untracked 
| 107|0x0000000091500000, 0x0000000091500000, 0x0000000091600000|  0%| F|  |TAMS 0x0000000091500000| PB 0x0000000091500000| Untracked 
| 108|0x0000000091600000, 0x0000000091600000, 0x0000000091700000|  0%| F|  |TAMS 0x0000000091600000| PB 0x0000000091600000| Untracked 
| 109|0x0000000091700000, 0x0000000091700000, 0x0000000091800000|  0%| F|  |TAMS 0x0000000091700000| PB 0x0000000091700000| Untracked 
| 110|0x0000000091800000, 0x0000000091800000, 0x0000000091900000|  0%| F|  |TAMS 0x0000000091800000| PB 0x0000000091800000| Untracked 
| 111|0x0000000091900000, 0x0000000091900000, 0x0000000091a00000|  0%| F|  |TAMS 0x0000000091900000| PB 0x0000000091900000| Untracked 
| 112|0x0000000091a00000, 0x0000000091a00000, 0x0000000091b00000|  0%| F|  |TAMS 0x0000000091a00000| PB 0x0000000091a00000| Untracked 
| 113|0x0000000091b00000, 0x0000000091b00000, 0x0000000091c00000|  0%| F|  |TAMS 0x0000000091b00000| PB 0x0000000091b00000| Untracked 
| 114|0x0000000091c00000, 0x0000000091c00000, 0x0000000091d00000|  0%| F|  |TAMS 0x0000000091c00000| PB 0x0000000091c00000| Untracked 
| 115|0x0000000091d00000, 0x0000000091d90608, 0x0000000091e00000| 56%| E|  |TAMS 0x0000000091d00000| PB 0x0000000091d00000| Complete 
| 116|0x0000000091e00000, 0x0000000091f00000, 0x0000000091f00000|100%| E|CS|TAMS 0x0000000091e00000| PB 0x0000000091e00000| Complete 
| 117|0x0000000091f00000, 0x0000000092000000, 0x0000000092000000|100%| E|CS|TAMS 0x0000000091f00000| PB 0x0000000091f00000| Complete 

Card table byte_map: [0x0000022652380000,0x0000022652730000] _byte_map_base: 0x0000022651f2b000

Marking Bits: (CMBitMap*) 0x000002263aa2ad70
 Bits: [0x0000022652ae0000, 0x0000022654838000)

Polling page: 0x000002263a190000

Metaspace:

Usage:
  Non-class:    525.56 KB used.
      Class:     30.83 KB used.
       Both:    556.39 KB used.

Virtual space:
  Non-class space:       64.00 MB reserved,     576.00 KB ( <1%) committed,  1 nodes.
      Class space:        1.00 GB reserved,     128.00 KB ( <1%) committed,  1 nodes.
             Both:        1.06 GB reserved,     704.00 KB ( <1%) committed. 

Chunk freelists:
   Non-Class:  3.98 MB
       Class:  3.75 MB
        Both:  7.73 MB

MaxMetaspaceSize: unlimited
CompressedClassSpaceSize: 1.00 GB
Initial GC threshold: 21.00 MB
Current GC threshold: 21.00 MB
CDS: on
MetaspaceReclaimPolicy: balanced
 - commit_granule_bytes: 65536.
 - commit_granule_words: 8192.
 - virtual_space_node_default_size: 8388608.
 - enlarge_chunks_in_place: 1.
 - new_chunks_are_fully_committed: 0.
 - uncommit_free_chunks: 1.
 - use_allocation_guard: 0.


Internal statistics:

num_allocs_failed_limit: 0.
num_arena_births: 8.
num_arena_deaths: 0.
num_vsnodes_births: 2.
num_vsnodes_deaths: 0.
num_space_committed: 11.
num_space_uncommitted: 0.
num_chunks_returned_to_freelist: 0.
num_chunks_taken_from_freelist: 10.
num_chunk_merges: 0.
num_chunk_splits: 5.
num_chunks_enlarged: 3.
num_inconsistent_stats: 0.

CodeHeap 'non-profiled nmethods': size=120000Kb used=68Kb max_used=68Kb free=119931Kb
 bounds [0x000002264a550000, 0x000002264a7c0000, 0x0000022651a80000]
CodeHeap 'profiled nmethods': size=120000Kb used=222Kb max_used=222Kb free=119777Kb
 bounds [0x0000022642a80000, 0x0000022642cf0000, 0x0000022649fb0000]
CodeHeap 'non-nmethods': size=5760Kb used=1328Kb max_used=1342Kb free=4431Kb
 bounds [0x0000022649fb0000, 0x000002264a220000, 0x000002264a550000]
 total_blobs=593 nmethods=209 adapters=295
 compilation: enabled
              stopped_count=0, restarted_count=0
 full_count=0

Compilation events (20 events):
Event: 0.062 Thread 0x00000226574c2ea0  199       3       java.util.zip.ZipUtils::CENNAM (9 bytes)
Event: 0.062 Thread 0x00000226574c2ea0 nmethod 199 0x0000022642ab4990 code [0x0000022642ab4b20, 0x0000022642ab4cd0]
Event: 0.062 Thread 0x00000226574c2ea0  200       3       java.util.zip.ZipFile$Source::zipCoderForPos (39 bytes)
Event: 0.062 Thread 0x00000226574c2ea0 nmethod 200 0x0000022642ab4e10 code [0x0000022642ab4fe0, 0x0000022642ab53d0]
Event: 0.062 Thread 0x00000226574c2ea0  203       3       java.util.zip.ZipUtils::CENEXT (9 bytes)
Event: 0.063 Thread 0x00000226574c2ea0 nmethod 203 0x0000022642ab5590 code [0x0000022642ab5720, 0x0000022642ab58d0]
Event: 0.063 Thread 0x00000226574c2ea0  205       3       java.util.zip.ZipUtils::CENSIG (8 bytes)
Event: 0.063 Thread 0x000002263a9cdb50 nmethod 194 0x000002264a560310 code [0x000002264a560480, 0x000002264a560548]
Event: 0.063 Thread 0x000002263a9cdb50  161       4       java.util.HashMap::newNode (13 bytes)
Event: 0.063 Thread 0x00000226574c2ea0 nmethod 205 0x0000022642ab5a10 code [0x0000022642ab5bc0, 0x0000022642ab5e98]
Event: 0.063 Thread 0x00000226574c2ea0  206       3       java.util.zip.ZipFile$Source::isMetaName (141 bytes)
Event: 0.063 Thread 0x00000226574c2ea0 nmethod 206 0x0000022642ab6010 code [0x0000022642ab61c0, 0x0000022642ab66d0]
Event: 0.063 Thread 0x00000226574c2ea0  207       3       java.util.zip.ZipFile$Source::nextEntryPos (22 bytes)
Event: 0.063 Thread 0x00000226574c2ea0 nmethod 207 0x0000022642ab6890 code [0x0000022642ab6a40, 0x0000022642ab6d70]
Event: 0.063 Thread 0x000002263a9cdb50 nmethod 161 0x000002264a560610 code [0x000002264a560780, 0x000002264a560898]
Event: 0.063 Thread 0x000002263a9cdb50  164       4       java.lang.String::equals (56 bytes)
Event: 0.064 Thread 0x000002263a9cdb50 nmethod 164 0x000002264a560990 code [0x000002264a560b00, 0x000002264a560cd8]
Event: 0.064 Thread 0x00000226574c2ea0  209       3       java.lang.String::substring (58 bytes)
Event: 0.064 Thread 0x00000226574ba510 nmethod 208 0x000002264a560d90 code [0x000002264a560f00, 0x000002264a561170]
Event: 0.065 Thread 0x00000226574c2ea0 nmethod 209 0x0000022642ab6f10 code [0x0000022642ab7120, 0x0000022642ab7730]

GC Heap History (0 events):
No events

Dll operation events (5 events):
Event: 0.006 Loaded shared library C:\Program Files\Java\jdk-20\bin\java.dll
Event: 0.012 Loaded shared library C:\Program Files\Java\jdk-20\bin\jsvml.dll
Event: 0.045 Loaded shared library C:\Program Files\Java\jdk-20\bin\net.dll
Event: 0.046 Loaded shared library C:\Program Files\Java\jdk-20\bin\nio.dll
Event: 0.063 Loaded shared library C:\Program Files\Java\jdk-20\bin\zip.dll

Deoptimization events (0 events):
No events

Classes loaded (20 events):
Event: 0.065 Loading class java/util/EventListener
Event: 0.065 Loading class java/util/EventListener done
Event: 0.065 Loading class java/awt/event/ActionListener done
Event: 0.065 Loading class java/awt/Component
Event: 0.066 Loading class java/awt/image/ImageObserver
Event: 0.066 Loading class java/awt/image/ImageObserver done
Event: 0.066 Loading class java/awt/MenuContainer
Event: 0.066 Loading class java/awt/MenuContainer done
Event: 0.066 Loading class java/awt/Component done
Event: 0.066 Loading class javax/swing/JDialog
Event: 0.066 Loading class javax/swing/WindowConstants
Event: 0.066 Loading class javax/swing/WindowConstants done
Event: 0.066 Loading class javax/accessibility/Accessible
Event: 0.066 Loading class javax/accessibility/Accessible done
Event: 0.066 Loading class javax/swing/RootPaneContainer
Event: 0.066 Loading class javax/swing/RootPaneContainer done
Event: 0.066 Loading class javax/swing/TransferHandler$HasGetTransferHandler
Event: 0.066 Loading class javax/swing/TransferHandler$HasGetTransferHandler done
Event: 0.066 Loading class java/awt/Dialog
Event: 0.067 Loading class java/awt/Window

Classes unloaded (0 events):
No events

Classes redefined (0 events):
No events

Internal exceptions (5 events):
Event: 0.047 Thread 0x000002263a9ccd20 Exception <a 'sun/nio/fs/WindowsException'{0x0000000091e43c50}> (0x0000000091e43c50) 
thrown [s\open\src\hotspot\share\prims\jni.cpp, line 519]
Event: 0.048 Thread 0x000002263a9ccd20 Exception <a 'sun/nio/fs/WindowsException'{0x0000000091e45f78}> (0x0000000091e45f78) 
thrown [s\open\src\hotspot\share\prims\jni.cpp, line 519]
Event: 0.048 Thread 0x000002263a9ccd20 Exception <a 'sun/nio/fs/WindowsException'{0x0000000091e469b8}> (0x0000000091e469b8) 
thrown [s\open\src\hotspot\share\prims\jni.cpp, line 519]
Event: 0.049 Thread 0x000002263a9ccd20 Exception <a 'sun/nio/fs/WindowsException'{0x0000000091e473f8}> (0x0000000091e473f8) 
thrown [s\open\src\hotspot\share\prims\jni.cpp, line 519]
Event: 0.049 Thread 0x000002263a9ccd20 Exception <a 'sun/nio/fs/WindowsException'{0x0000000091e47e30}> (0x0000000091e47e30) 
thrown [s\open\src\hotspot\share\prims\jni.cpp, line 519]

VM Operations (2 events):
Event: 0.049 Executing VM operation: HandshakeAllThreads
Event: 0.049 Executing VM operation: HandshakeAllThreads done

Events (12 events):
Event: 0.012 Thread 0x000002263a9ccd20 Thread added: 0x000002263a9ccd20
Event: 0.021 Thread 0x0000022657486520 Thread added: 0x0000022657486520
Event: 0.021 Thread 0x0000022657486f00 Thread added: 0x0000022657486f00
Event: 0.021 Thread 0x000002265748c2f0 Thread added: 0x000002265748c2f0
Event: 0.021 Thread 0x00000226574af0e0 Thread added: 0x00000226574af0e0
Event: 0.021 Thread 0x00000226574b0a30 Thread added: 0x00000226574b0a30
Event: 0.021 Thread 0x00000226574b5880 Thread added: 0x00000226574b5880
Event: 0.021 Thread 0x00000226574ba510 Thread added: 0x00000226574ba510
Event: 0.021 Thread 0x00000226574c2ea0 Thread added: 0x00000226574c2ea0
Event: 0.037 Thread 0x000002265b8b22a0 Thread added: 0x000002265b8b22a0
Event: 0.057 Thread 0x000002265b97ae50 Thread added: 0x000002265b97ae50
Event: 0.062 Thread 0x000002263a9cdb50 Thread added: 0x000002263a9cdb50


Dynamic libraries:
0x00007ff739f50000 - 0x00007ff739f60000 	C:\Program Files\Java\jdk-20\bin\java.exe
0x00007ffa43d90000 - 0x00007ffa43fa4000 	C:\WINDOWS\SYSTEM32\ntdll.dll
0x00007ffa0e580000 - 0x00007ffa0e599000 	C:\Program Files\Avast Software\Avast\aswhook.dll
0x00007ffa427d0000 - 0x00007ffa42894000 	C:\WINDOWS\System32\KERNEL32.DLL
0x00007ffa41170000 - 0x00007ffa41514000 	C:\WINDOWS\System32\KERNELBASE.dll
0x00007ffa41880000 - 0x00007ffa41991000 	C:\WINDOWS\System32\ucrtbase.dll
0x00007ffa30d60000 - 0x00007ffa30d7b000 	C:\Program Files\Java\jdk-20\bin\VCRUNTIME140.dll
0x00007ffa3a2f0000 - 0x00007ffa3a309000 	C:\Program Files\Java\jdk-20\bin\jli.dll
0x00007ffa42490000 - 0x00007ffa42540000 	C:\WINDOWS\System32\ADVAPI32.dll
0x00007ffa43730000 - 0x00007ffa437d7000 	C:\WINDOWS\System32\msvcrt.dll
0x00007ffa428a0000 - 0x00007ffa42946000 	C:\WINDOWS\System32\sechost.dll
0x00007ffa42370000 - 0x00007ffa42487000 	C:\WINDOWS\System32\RPCRT4.dll
0x00007ffa43840000 - 0x00007ffa439ea000 	C:\WINDOWS\System32\USER32.dll
0x00007ffa417b0000 - 0x00007ffa417d6000 	C:\WINDOWS\System32\win32u.dll
0x00007ffa1eef0000 - 0x00007ffa1f17f000 	C:\WINDOWS\WinSxS\amd64_microsoft.windows.common-controls_6595b64144ccf1df_6.0.22621.2070_none_2713e6537381f706\COMCTL32.dll
0x00007ffa43800000 - 0x00007ffa43829000 	C:\WINDOWS\System32\GDI32.dll
0x00007ffa41520000 - 0x00007ffa41639000 	C:\WINDOWS\System32\gdi32full.dll
0x00007ffa417e0000 - 0x00007ffa4187a000 	C:\WINDOWS\System32\msvcp_win.dll
0x00007ffa391e0000 - 0x00007ffa391ea000 	C:\WINDOWS\SYSTEM32\VERSION.dll
0x00007ffa42570000 - 0x00007ffa425a1000 	C:\WINDOWS\System32\IMM32.DLL
0x00007ffa3a210000 - 0x00007ffa3a21c000 	C:\Program Files\Java\jdk-20\bin\vcruntime140_1.dll
0x00007ff9edab0000 - 0x00007ff9edb3e000 	C:\Program Files\Java\jdk-20\bin\msvcp140.dll
0x00007ff999cb0000 - 0x00007ff99a947000 	C:\Program Files\Java\jdk-20\bin\server\jvm.dll
0x00007ffa31550000 - 0x00007ffa31559000 	C:\WINDOWS\SYSTEM32\WSOCK32.dll
0x00007ffa3d810000 - 0x00007ffa3d844000 	C:\WINDOWS\SYSTEM32\WINMM.dll
0x00007ffa425b0000 - 0x00007ffa42621000 	C:\WINDOWS\System32\WS2_32.dll
0x00007ffa40160000 - 0x00007ffa40178000 	C:\WINDOWS\SYSTEM32\kernel.appcore.dll
0x00007ffa3a1f0000 - 0x00007ffa3a1fa000 	C:\Program Files\Java\jdk-20\bin\jimage.dll
0x00007ffa3e870000 - 0x00007ffa3ea9e000 	C:\WINDOWS\SYSTEM32\DBGHELP.DLL
0x00007ffa42a20000 - 0x00007ffa42daa000 	C:\WINDOWS\System32\combase.dll
0x00007ffa420d0000 - 0x00007ffa421a7000 	C:\WINDOWS\System32\OLEAUT32.dll
0x00007ffa38710000 - 0x00007ffa38742000 	C:\WINDOWS\SYSTEM32\dbgcore.DLL
0x00007ffa41a60000 - 0x00007ffa41ada000 	C:\WINDOWS\System32\bcryptPrimitives.dll
0x00007ffa2a410000 - 0x00007ffa2a436000 	C:\Program Files\Java\jdk-20\bin\java.dll
0x00007ff9f6840000 - 0x00007ff9f6917000 	C:\Program Files\Java\jdk-20\bin\jsvml.dll
0x00007ffa42f10000 - 0x00007ffa43726000 	C:\WINDOWS\System32\SHELL32.dll
0x00007ffa3f140000 - 0x00007ffa3fa2a000 	C:\WINDOWS\SYSTEM32\windows.storage.dll
0x00007ffa3f000000 - 0x00007ffa3f13e000 	C:\WINDOWS\SYSTEM32\wintypes.dll
0x00007ffa41b50000 - 0x00007ffa41c43000 	C:\WINDOWS\System32\SHCORE.dll
0x00007ffa42960000 - 0x00007ffa429be000 	C:\WINDOWS\System32\shlwapi.dll
0x00007ffa410a0000 - 0x00007ffa410c6000 	C:\WINDOWS\SYSTEM32\profapi.dll
0x00007ffa2dca0000 - 0x00007ffa2dcb3000 	C:\Program Files\Java\jdk-20\bin\net.dll
0x00007ffa3bc70000 - 0x00007ffa3bda7000 	C:\WINDOWS\SYSTEM32\WINHTTP.dll
0x00007ffa40630000 - 0x00007ffa40699000 	C:\WINDOWS\system32\mswsock.dll
0x00007ffa2a1d0000 - 0x00007ffa2a1e6000 	C:\Program Files\Java\jdk-20\bin\nio.dll
0x00007ffa2a1b0000 - 0x00007ffa2a1c8000 	C:\Program Files\Java\jdk-20\bin\zip.dll

dbghelp: loaded successfully - version: 4.0.5 - missing functions: none
symbol engine: initialized successfully - sym options: 0x614 - pdb path: .;C:\Program Files\Java\jdk-20\bin;C:\WINDOWS\SYSTEM32;C:\Program Files\Avast Software\Avast;C:\WINDOWS\WinSxS\amd64_microsoft.windows.common-controls_6595b64144ccf1df_6.0.22621.2070_none_2713e6537381f706;C:\Program Files\Java\jdk-20\bin\server

VM Arguments:
jvm_args: -Dfile.encoding=UTF-8 --module-path=C:\Users\gaels\OneDrive\Escritorio\Controlador\build\classes 
java_command: Controlador.ControladorMenu
java_class_path (initial): C:\Users\gaels\OneDrive\Escritorio\Librerías\jcalendar-1.4.jar;C:\Users\gaels\OneDrive\Escritorio\Librerías\mysql-connector-j-8.0.33.jar;C:\Users\gaels\OneDrive\Escritorio\Controlador\build\classes
Launcher Type: SUN_STANDARD

[Global flags]
     intx CICompilerCount                          = 4                                         {product} {ergonomic}
     uint ConcGCThreads                            = 3                                         {product} {ergonomic}
     uint G1ConcRefinementThreads                  = 10                                        {product} {ergonomic}
   size_t G1HeapRegionSize                         = 1048576                                   {product} {ergonomic}
    uintx GCDrainStackTargetSize                   = 64                                        {product} {ergonomic}
   size_t InitialHeapSize                          = 123731968                                 {product} {ergonomic}
   size_t MarkStackSize                            = 4194304                                   {product} {ergonomic}
   size_t MaxHeapSize                              = 1969225728                                {product} {ergonomic}
   size_t MaxNewSize                               = 1180696576                                {product} {ergonomic}
   size_t MinHeapDeltaBytes                        = 1048576                                   {product} {ergonomic}
   size_t MinHeapSize                              = 8388608                                   {product} {ergonomic}
    uintx NonNMethodCodeHeapSize                   = 5839372                                {pd product} {ergonomic}
    uintx NonProfiledCodeHeapSize                  = 122909434                              {pd product} {ergonomic}
    uintx ProfiledCodeHeapSize                     = 122909434                              {pd product} {ergonomic}
    uintx ReservedCodeCacheSize                    = 251658240                              {pd product} {ergonomic}
     bool SegmentedCodeCache                       = true                                      {product} {ergonomic}
   size_t SoftMaxHeapSize                          = 1969225728                             {manageable} {ergonomic}
     bool UseCompressedClassPointers               = true                           {product lp64_product} {ergonomic}
     bool UseCompressedOops                        = true                           {product lp64_product} {ergonomic}
     bool UseG1GC                                  = true                                      {product} {ergonomic}
     bool UseLargePagesIndividualAllocation        = false                                  {pd product} {ergonomic}

Logging:
Log output configuration:
 #0: stdout all=warning uptime,level,tags foldmultilines=false
 #1: stderr all=off uptime,level,tags foldmultilines=false

Environment Variables:
PATH=C:\Program Files\Common Files\Oracle\Java\javapath;C:\Program Files (x86)\Common Files\Oracle\Java\javapath;C:\Program Files (x86)\NVIDIA Corporation\PhysX\Common;C:\WINDOWS\system32;C:\WINDOWS;C:\WINDOWS\System32\Wbem;C:\WINDOWS\System32\WindowsPowerShell\v1.0\;C:\WINDOWS\System32\OpenSSH\;C:\Program Files\Git\cmd;C:\Users\gaels\AppData\Local\Microsoft\WindowsApps;;C:\Users\gaels\AppData\Local\Programs\Microsoft VS Code\bin
USERNAME=gaels
OS=Windows_NT
PROCESSOR_IDENTIFIER=AMD64 Family 23 Model 96 Stepping 1, AuthenticAMD
TMP=C:\Users\gaels\AppData\Local\Temp
TEMP=C:\Users\gaels\AppData\Local\Temp




---------------  S Y S T E M  ---------------

OS:
 Windows 11 , 64 bit Build 22621 (10.0.22621.2070)
OS uptime: 1 days 23:29 hours

CPU: total 12 (initial active 12) (12 cores per cpu, 2 threads per core) family 23 model 96 stepping 1 microcode 0x0, cx8, cmov, fxsr, ht, mmx, 3dnowpref, sse, sse2, sse3, ssse3, sse4a, sse4.1, sse4.2, popcnt, lzcnt, tsc, tscinvbit, avx, avx2, aes, clmul, bmi1, bmi2, adx, sha, fma, vzeroupper, clflush, clflushopt, rdtscp, rdpid, f16c

Memory: 4k page, system-wide physical 7511M (494M free)
TotalPageFile size 19511M (AvailPageFile size 4M)
current process WorkingSet (physical memory assigned to process): 35M, peak: 35M
current process commit charge ("private bytes"): 204M, peak: 204M

vm_info: Java HotSpot(TM) 64-Bit Server VM (20.0.1+9-29) for windows-amd64 JRE (20.0.1+9-29), built on 2023-03-07T13:56:11Z by "mach5one" with MS VC++ 17.1 (VS2022)

END.
